c:\opengl\opengl-git-repo\shadersrtrdemo\final - 02\last\debug\vc140.pdb
c:\opengl\opengl-git-repo\shadersrtrdemo\final - 02\last\debug\vc140.idb
c:\opengl\opengl-git-repo\shadersrtrdemo\final - 02\last\debug\bullet.obj
c:\opengl\opengl-git-repo\shadersrtrdemo\final - 02\last\debug\credits.obj
c:\opengl\opengl-git-repo\shadersrtrdemo\final - 02\last\debug\doorandframe.obj
c:\opengl\opengl-git-repo\shadersrtrdemo\final - 02\last\debug\drawmultiplebullet.obj
c:\opengl\opengl-git-repo\shadersrtrdemo\final - 02\last\debug\droplines.obj
c:\opengl\opengl-git-repo\shadersrtrdemo\final - 02\last\debug\godfathercpp.obj
c:\opengl\opengl-git-repo\shadersrtrdemo\final - 02\last\debug\godfatherlogoapi.obj
c:\opengl\opengl-git-repo\shadersrtrdemo\final - 02\last\debug\legowalk.obj
c:\opengl\opengl-git-repo\shadersrtrdemo\final - 02\last\debug\lucabracy.obj
c:\opengl\opengl-git-repo\shadersrtrdemo\final - 02\last\debug\machinegun.obj
c:\opengl\opengl-git-repo\shadersrtrdemo\final - 02\last\debug\main.obj
c:\opengl\opengl-git-repo\shadersrtrdemo\final - 02\last\debug\michaelcorleone.obj
c:\opengl\opengl-git-repo\shadersrtrdemo\final - 02\last\debug\neo.obj
c:\opengl\opengl-git-repo\shadersrtrdemo\final - 02\last\debug\pistol.obj
c:\opengl\opengl-git-repo\shadersrtrdemo\final - 02\last\debug\rifle.obj
c:\opengl\opengl-git-repo\shadersrtrdemo\final - 02\last\debug\room.obj
c:\opengl\opengl-git-repo\shadersrtrdemo\final - 02\last\debug\santinocharacter.obj
c:\opengl\opengl-git-repo\shadersrtrdemo\final - 02\last\debug\shadersbullets.obj
c:\opengl\opengl-git-repo\shadersrtrdemo\final - 02\last\debug\shortgun.obj
c:\opengl\opengl-git-repo\shadersrtrdemo\final - 02\last\debug\util.obj
c:\opengl\opengl-git-repo\shadersrtrdemo\final - 02\last\debug\last.ilk
c:\opengl\opengl-git-repo\shadersrtrdemo\final - 02\last\debug\last.exe
c:\opengl\opengl-git-repo\shadersrtrdemo\final - 02\last\debug\last.pdb
c:\opengl\opengl-git-repo\shadersrtrdemo\final - 02\last\debug\last.tlog\cl.command.1.tlog
c:\opengl\opengl-git-repo\shadersrtrdemo\final - 02\last\debug\last.tlog\cl.read.1.tlog
c:\opengl\opengl-git-repo\shadersrtrdemo\final - 02\last\debug\last.tlog\cl.write.1.tlog
c:\opengl\opengl-git-repo\shadersrtrdemo\final - 02\last\debug\last.tlog\link.command.1.tlog
c:\opengl\opengl-git-repo\shadersrtrdemo\final - 02\last\debug\last.tlog\link.read.1.tlog
c:\opengl\opengl-git-repo\shadersrtrdemo\final - 02\last\debug\last.tlog\link.write.1.tlog
