c:\users\pratik\github\rtr\shadersrtrdemo\main\final\main\main\debug\vc140.pdb
c:\users\pratik\github\rtr\shadersrtrdemo\main\final\main\main\debug\vc140.idb
c:\users\pratik\github\rtr\shadersrtrdemo\main\final\main\main\debug\bullet.obj
c:\users\pratik\github\rtr\shadersrtrdemo\main\final\main\main\debug\credits.obj
c:\users\pratik\github\rtr\shadersrtrdemo\main\final\main\main\debug\doorandframe.obj
c:\users\pratik\github\rtr\shadersrtrdemo\main\final\main\main\debug\drawmultiplebullet.obj
c:\users\pratik\github\rtr\shadersrtrdemo\main\final\main\main\debug\godfathercpp.obj
c:\users\pratik\github\rtr\shadersrtrdemo\main\final\main\main\debug\godfatherlogoapi.obj
c:\users\pratik\github\rtr\shadersrtrdemo\main\final\main\main\debug\legowalk.obj
c:\users\pratik\github\rtr\shadersrtrdemo\main\final\main\main\debug\lucabracy.obj
c:\users\pratik\github\rtr\shadersrtrdemo\main\final\main\main\debug\machinegun.obj
c:\users\pratik\github\rtr\shadersrtrdemo\main\final\main\main\debug\main.obj
c:\users\pratik\github\rtr\shadersrtrdemo\main\final\main\main\debug\michaelcorleone.obj
c:\users\pratik\github\rtr\shadersrtrdemo\main\final\main\main\debug\neo.obj
c:\users\pratik\github\rtr\shadersrtrdemo\main\final\main\main\debug\pistol.obj
c:\users\pratik\github\rtr\shadersrtrdemo\main\final\main\main\debug\rifle.obj
c:\users\pratik\github\rtr\shadersrtrdemo\main\final\main\main\debug\room.obj
c:\users\pratik\github\rtr\shadersrtrdemo\main\final\main\main\debug\santinocharacter.obj
c:\users\pratik\github\rtr\shadersrtrdemo\main\final\main\main\debug\shortgun.obj
c:\users\pratik\github\rtr\shadersrtrdemo\main\final\main\main\debug\util.obj
c:\users\pratik\github\rtr\shadersrtrdemo\main\final\main\debug\main.ilk
c:\users\pratik\github\rtr\shadersrtrdemo\main\final\main\debug\main.exe
c:\users\pratik\github\rtr\shadersrtrdemo\main\final\main\debug\main.pdb
c:\users\pratik\github\rtr\shadersrtrdemo\main\final\main\main\debug\main.tlog\cl.command.1.tlog
c:\users\pratik\github\rtr\shadersrtrdemo\main\final\main\main\debug\main.tlog\cl.read.1.tlog
c:\users\pratik\github\rtr\shadersrtrdemo\main\final\main\main\debug\main.tlog\cl.write.1.tlog
c:\users\pratik\github\rtr\shadersrtrdemo\main\final\main\main\debug\main.tlog\link.command.1.tlog
c:\users\pratik\github\rtr\shadersrtrdemo\main\final\main\main\debug\main.tlog\link.read.1.tlog
c:\users\pratik\github\rtr\shadersrtrdemo\main\final\main\main\debug\main.tlog\link.write.1.tlog
